2014/10/13 05:24:53 [error] [php] include(TbHtml.php): failed to open stream: No such file or directory (C:\xampp\htdocs\Yii-engine\framework\YiiBase.php:427)
Stack trace:
#0 C:\xampp\htdocs\gAccount\protected\views\layouts\main.php(27): spl_autoload_call()
#1 C:\xampp\htdocs\Yii-engine\framework\web\CBaseController.php(126): require()
#2 C:\xampp\htdocs\Yii-engine\framework\web\CBaseController.php(95): SiteController->renderInternal()
#3 C:\xampp\htdocs\Yii-engine\framework\web\widgets\CContentDecorator.php(76): SiteController->renderFile()
#4 C:\xampp\htdocs\Yii-engine\framework\web\widgets\CContentDecorator.php(54): CContentDecorator->decorate()
#5 C:\xampp\htdocs\Yii-engine\framework\web\widgets\COutputProcessor.php(44): CContentDecorator->processOutput()
#6 C:\xampp\htdocs\Yii-engine\framework\web\CBaseController.php(206): CContentDecorator->run()
#7 C:\xampp\htdocs\Yii-engine\framework\web\CBaseController.php(300): SiteController->endWidget()
#8 C:\xampp\htdocs\gAccount\protected\views\layouts\column1.php(6): SiteController->endContent()
#9 C:\xampp\htdocs\Yii-engine\framework\web\CBaseController.php(126): require()
#10 C:\xampp\htdocs\Yii-engine\framework\web\CBaseController.php(95): SiteController->renderInternal()
#11 C:\xampp\htdocs\Yii-engine\framework\web\CController.php(784): SiteController->renderFile()
#12 C:\xampp\htdocs\gAccount\protected\controllers\SiteController.php(32): SiteController->render()
#13 C:\xampp\htdocs\Yii-engine\framework\web\actions\CInlineAction.php(49): SiteController->actionIndex()
#14 C:\xampp\htdocs\Yii-engine\framework\web\CController.php(308): CInlineAction->runWithParams()
#15 C:\xampp\htdocs\Yii-engine\framework\web\CController.php(286): SiteController->runAction()
#16 C:\xampp\htdocs\Yii-engine\framework\web\CController.php(265): SiteController->runActionWithFilters()
#17 C:\xampp\htdocs\Yii-engine\framework\web\CWebApplication.php(282): SiteController->run()
#18 C:\xampp\htdocs\Yii-engine\framework\web\CWebApplication.php(141): CWebApplication->runController()
#19 C:\xampp\htdocs\Yii-engine\framework\base\CApplication.php(180): CWebApplication->processRequest()
#20 C:\xampp\htdocs\gAccount\index.php(13): CWebApplication->run()
REQUEST_URI=/gAccount/
in C:\xampp\htdocs\gAccount\protected\views\layouts\main.php (27)
in C:\xampp\htdocs\gAccount\protected\views\layouts\column1.php (6)
in C:\xampp\htdocs\gAccount\protected\controllers\SiteController.php (32)
2014/10/16 07:21:07 [error] [exception.CException] exception 'CException' with message 'CAssetManager.basePath "C:\xampp\htdocs\gAccount\assets" is invalid. Please make sure the directory exists and is writable by the Web server process.' in C:\xampp\htdocs\Yii-engine\framework\web\CAssetManager.php:138
Stack trace:
#0 C:\xampp\htdocs\Yii-engine\framework\web\CAssetManager.php(123): CAssetManager->setBasePath('C:\xampp\htdocs...')
#1 C:\xampp\htdocs\Yii-engine\framework\web\CAssetManager.php(217): CAssetManager->getBasePath()
#2 C:\xampp\htdocs\Yii-engine\framework\gii\GiiModule.php(143): CAssetManager->publish('C:\xampp\htdocs...')
#3 C:\xampp\htdocs\Yii-engine\framework\base\CComponent.php(111): GiiModule->getAssetsUrl()
#4 C:\xampp\htdocs\Yii-engine\framework\base\CModule.php(105): CComponent->__get('assetsUrl')
#5 C:\xampp\htdocs\Yii-engine\framework\gii\views\layouts\main.php(5): CModule->__get('assetsUrl')
#6 C:\xampp\htdocs\Yii-engine\framework\web\CBaseController.php(126): require('C:\xampp\htdocs...')
#7 C:\xampp\htdocs\Yii-engine\framework\web\CBaseController.php(95): CBaseController->renderInternal('C:\xampp\htdocs...', Array, true)
#8 C:\xampp\htdocs\Yii-engine\framework\web\widgets\CContentDecorator.php(76): CBaseController->renderFile('C:\xampp\htdocs...', Array, true)
#9 C:\xampp\htdocs\Yii-engine\framework\web\widgets\CContentDecorator.php(54): CContentDecorator->decorate('<div class="con...')
#10 C:\xampp\htdocs\Yii-engine\framework\web\widgets\COutputProcessor.php(44): CContentDecorator->processOutput('<div class="con...')
#11 C:\xampp\htdocs\Yii-engine\framework\web\CBaseController.php(206): COutputProcessor->run()
#12 C:\xampp\htdocs\Yii-engine\framework\web\CBaseController.php(300): CBaseController->endWidget('CContentDecorat...')
#13 C:\xampp\htdocs\Yii-engine\framework\gii\views\layouts\column1.php(7): CBaseController->endContent()
#14 C:\xampp\htdocs\Yii-engine\framework\web\CBaseController.php(126): require('C:\xampp\htdocs...')
#15 C:\xampp\htdocs\Yii-engine\framework\web\CBaseController.php(95): CBaseController->renderInternal('C:\xampp\htdocs...', Array, true)
#16 C:\xampp\htdocs\Yii-engine\framework\web\CController.php(784): CBaseController->renderFile('C:\xampp\htdocs...', Array, true)
#17 C:\xampp\htdocs\Yii-engine\framework\gii\controllers\DefaultController.php(47): CController->render('login', Array)
#18 C:\xampp\htdocs\Yii-engine\framework\web\actions\CInlineAction.php(49): DefaultController->actionLogin()
#19 C:\xampp\htdocs\Yii-engine\framework\web\CController.php(308): CInlineAction->runWithParams(Array)
#20 C:\xampp\htdocs\Yii-engine\framework\web\CController.php(286): CController->runAction(Object(CInlineAction))
#21 C:\xampp\htdocs\Yii-engine\framework\web\CController.php(265): CController->runActionWithFilters(Object(CInlineAction), Array)
#22 C:\xampp\htdocs\Yii-engine\framework\web\CWebApplication.php(282): CController->run('login')
#23 C:\xampp\htdocs\Yii-engine\framework\web\CWebApplication.php(141): CWebApplication->runController('gii/default/log...')
#24 C:\xampp\htdocs\Yii-engine\framework\base\CApplication.php(180): CWebApplication->processRequest()
#25 C:\xampp\htdocs\gAccount\index.php(13): CApplication->run()
#26 {main}
REQUEST_URI=/gAccount/index.php?r=gii/default/login
---
2014/10/16 07:22:14 [error] [exception.CException] exception 'CException' with message 'CAssetManager.basePath "C:\xampp\htdocs\gAccount\assets" is invalid. Please make sure the directory exists and is writable by the Web server process.' in C:\xampp\htdocs\Yii-engine\framework\web\CAssetManager.php:138
Stack trace:
#0 C:\xampp\htdocs\Yii-engine\framework\web\CAssetManager.php(123): CAssetManager->setBasePath('C:\xampp\htdocs...')
#1 C:\xampp\htdocs\Yii-engine\framework\web\CAssetManager.php(217): CAssetManager->getBasePath()
#2 C:\xampp\htdocs\Yii-engine\framework\gii\GiiModule.php(143): CAssetManager->publish('C:\xampp\htdocs...')
#3 C:\xampp\htdocs\Yii-engine\framework\base\CComponent.php(111): GiiModule->getAssetsUrl()
#4 C:\xampp\htdocs\Yii-engine\framework\base\CModule.php(105): CComponent->__get('assetsUrl')
#5 C:\xampp\htdocs\Yii-engine\framework\gii\views\layouts\main.php(5): CModule->__get('assetsUrl')
#6 C:\xampp\htdocs\Yii-engine\framework\web\CBaseController.php(126): require('C:\xampp\htdocs...')
#7 C:\xampp\htdocs\Yii-engine\framework\web\CBaseController.php(95): CBaseController->renderInternal('C:\xampp\htdocs...', Array, true)
#8 C:\xampp\htdocs\Yii-engine\framework\web\widgets\CContentDecorator.php(76): CBaseController->renderFile('C:\xampp\htdocs...', Array, true)
#9 C:\xampp\htdocs\Yii-engine\framework\web\widgets\CContentDecorator.php(54): CContentDecorator->decorate('<div class="con...')
#10 C:\xampp\htdocs\Yii-engine\framework\web\widgets\COutputProcessor.php(44): CContentDecorator->processOutput('<div class="con...')
#11 C:\xampp\htdocs\Yii-engine\framework\web\CBaseController.php(206): COutputProcessor->run()
#12 C:\xampp\htdocs\Yii-engine\framework\web\CBaseController.php(300): CBaseController->endWidget('CContentDecorat...')
#13 C:\xampp\htdocs\Yii-engine\framework\gii\views\layouts\column1.php(7): CBaseController->endContent()
#14 C:\xampp\htdocs\Yii-engine\framework\web\CBaseController.php(126): require('C:\xampp\htdocs...')
#15 C:\xampp\htdocs\Yii-engine\framework\web\CBaseController.php(95): CBaseController->renderInternal('C:\xampp\htdocs...', Array, true)
#16 C:\xampp\htdocs\Yii-engine\framework\web\CController.php(784): CBaseController->renderFile('C:\xampp\htdocs...', Array, true)
#17 C:\xampp\htdocs\Yii-engine\framework\gii\controllers\DefaultController.php(47): CController->render('login', Array)
#18 C:\xampp\htdocs\Yii-engine\framework\web\actions\CInlineAction.php(49): DefaultController->actionLogin()
#19 C:\xampp\htdocs\Yii-engine\framework\web\CController.php(308): CInlineAction->runWithParams(Array)
#20 C:\xampp\htdocs\Yii-engine\framework\web\CController.php(286): CController->runAction(Object(CInlineAction))
#21 C:\xampp\htdocs\Yii-engine\framework\web\CController.php(265): CController->runActionWithFilters(Object(CInlineAction), Array)
#22 C:\xampp\htdocs\Yii-engine\framework\web\CWebApplication.php(282): CController->run('login')
#23 C:\xampp\htdocs\Yii-engine\framework\web\CWebApplication.php(141): CWebApplication->runController('gii/default/log...')
#24 C:\xampp\htdocs\Yii-engine\framework\base\CApplication.php(180): CWebApplication->processRequest()
#25 C:\xampp\htdocs\gAccount\index.php(13): CApplication->run()
#26 {main}
REQUEST_URI=/gAccount/index.php?r=gii/default/login
---
2014/10/16 07:22:56 [error] [exception.CException] exception 'CException' with message 'CAssetManager.basePath "C:\xampp\htdocs\gAccount\assets" is invalid. Please make sure the directory exists and is writable by the Web server process.' in C:\xampp\htdocs\Yii-engine\framework\web\CAssetManager.php:138
Stack trace:
#0 C:\xampp\htdocs\Yii-engine\framework\web\CAssetManager.php(123): CAssetManager->setBasePath('C:\xampp\htdocs...')
#1 C:\xampp\htdocs\Yii-engine\framework\web\CAssetManager.php(217): CAssetManager->getBasePath()
#2 C:\xampp\htdocs\Yii-engine\framework\gii\GiiModule.php(143): CAssetManager->publish('C:\xampp\htdocs...')
#3 C:\xampp\htdocs\Yii-engine\framework\base\CComponent.php(111): GiiModule->getAssetsUrl()
#4 C:\xampp\htdocs\Yii-engine\framework\base\CModule.php(105): CComponent->__get('assetsUrl')
#5 C:\xampp\htdocs\Yii-engine\framework\gii\views\layouts\main.php(5): CModule->__get('assetsUrl')
#6 C:\xampp\htdocs\Yii-engine\framework\web\CBaseController.php(126): require('C:\xampp\htdocs...')
#7 C:\xampp\htdocs\Yii-engine\framework\web\CBaseController.php(95): CBaseController->renderInternal('C:\xampp\htdocs...', Array, true)
#8 C:\xampp\htdocs\Yii-engine\framework\web\widgets\CContentDecorator.php(76): CBaseController->renderFile('C:\xampp\htdocs...', Array, true)
#9 C:\xampp\htdocs\Yii-engine\framework\web\widgets\CContentDecorator.php(54): CContentDecorator->decorate('<div class="con...')
#10 C:\xampp\htdocs\Yii-engine\framework\web\widgets\COutputProcessor.php(44): CContentDecorator->processOutput('<div class="con...')
#11 C:\xampp\htdocs\Yii-engine\framework\web\CBaseController.php(206): COutputProcessor->run()
#12 C:\xampp\htdocs\Yii-engine\framework\web\CBaseController.php(300): CBaseController->endWidget('CContentDecorat...')
#13 C:\xampp\htdocs\Yii-engine\framework\gii\views\layouts\column1.php(7): CBaseController->endContent()
#14 C:\xampp\htdocs\Yii-engine\framework\web\CBaseController.php(126): require('C:\xampp\htdocs...')
#15 C:\xampp\htdocs\Yii-engine\framework\web\CBaseController.php(95): CBaseController->renderInternal('C:\xampp\htdocs...', Array, true)
#16 C:\xampp\htdocs\Yii-engine\framework\web\CController.php(784): CBaseController->renderFile('C:\xampp\htdocs...', Array, true)
#17 C:\xampp\htdocs\Yii-engine\framework\gii\controllers\DefaultController.php(47): CController->render('login', Array)
#18 C:\xampp\htdocs\Yii-engine\framework\web\actions\CInlineAction.php(49): DefaultController->actionLogin()
#19 C:\xampp\htdocs\Yii-engine\framework\web\CController.php(308): CInlineAction->runWithParams(Array)
#20 C:\xampp\htdocs\Yii-engine\framework\web\CController.php(286): CController->runAction(Object(CInlineAction))
#21 C:\xampp\htdocs\Yii-engine\framework\web\CController.php(265): CController->runActionWithFilters(Object(CInlineAction), Array)
#22 C:\xampp\htdocs\Yii-engine\framework\web\CWebApplication.php(282): CController->run('login')
#23 C:\xampp\htdocs\Yii-engine\framework\web\CWebApplication.php(141): CWebApplication->runController('gii/default/log...')
#24 C:\xampp\htdocs\Yii-engine\framework\base\CApplication.php(180): CWebApplication->processRequest()
#25 C:\xampp\htdocs\gAccount\index.php(13): CApplication->run()
#26 {main}
REQUEST_URI=/gAccount/index.php?r=gii/default/login
---
2014/10/16 08:50:12 [error] [system.db.CDbCommand] CDbCommand::fetchAll() failed: SQLSTATE[42S22]: Column not found: 1054 Unknown column 'shortnam_' in 'field list'. The SQL statement executed was: select doctyp,shortnam_ as shortnam,posdes_ as posdes,jnlexp_ as jnlexp from isrun where doctyp = :doctyp.
in C:\xampp\htdocs\gAccount\protected\components\IsrunDoc.php (22)
in C:\xampp\htdocs\gAccount\protected\views\layouts\main_menu_account.php (8)
in C:\xampp\htdocs\gAccount\protected\views\layouts\main_menu.php (5)
2014/10/16 08:50:12 [error] [exception.CDbException] exception 'CDbException' with message 'CDbCommand ล้มเหลวในการดำเนินการเรียกลักษณะของ SQL: SQLSTATE[42S22]: Column not found: 1054 Unknown column 'shortnam_' in 'field list'. The SQL statement executed was: select doctyp,shortnam_ as shortnam,posdes_ as posdes,jnlexp_ as jnlexp from isrun where doctyp = :doctyp' in C:\xampp\htdocs\Yii-engine\framework\db\CDbCommand.php:543
Stack trace:
#0 C:\xampp\htdocs\Yii-engine\framework\db\CDbCommand.php(396): CDbCommand->queryInternal('fetchAll', Array, Array)
#1 C:\xampp\htdocs\Yii-engine\framework\db\ar\CActiveRecord.php(1581): CDbCommand->queryAll()
#2 C:\xampp\htdocs\gAccount\protected\components\IsrunDoc.php(22): CActiveRecord->findAllBySql('select doctyp,s...', Array)
#3 C:\xampp\htdocs\gAccount\protected\views\layouts\main_menu_account.php(8): IsrunDoc::getChild('GL')
#4 C:\xampp\htdocs\gAccount\protected\views\layouts\main_menu.php(5): require_once('C:\xampp\htdocs...')
#5 C:\xampp\htdocs\gAccount\protected\views\layouts\main.php(138): require_once('C:\xampp\htdocs...')
#6 C:\xampp\htdocs\Yii-engine\framework\web\CBaseController.php(126): require('C:\xampp\htdocs...')
#7 C:\xampp\htdocs\Yii-engine\framework\web\CBaseController.php(95): CBaseController->renderInternal('C:\xampp\htdocs...', Array, true)
#8 C:\xampp\htdocs\Yii-engine\framework\web\widgets\CContentDecorator.php(76): CBaseController->renderFile('C:\xampp\htdocs...', Array, true)
#9 C:\xampp\htdocs\Yii-engine\framework\web\widgets\CContentDecorator.php(54): CContentDecorator->decorate('<div id="conten...')
#10 C:\xampp\htdocs\Yii-engine\framework\web\widgets\COutputProcessor.php(44): CContentDecorator->processOutput('<div id="conten...')
#11 C:\xampp\htdocs\Yii-engine\framework\web\CBaseController.php(206): COutputProcessor->run()
#12 C:\xampp\htdocs\Yii-engine\framework\web\CBaseController.php(300): CBaseController->endWidget('CContentDecorat...')
#13 C:\xampp\htdocs\gAccount\protected\views\layouts\column1.php(6): CBaseController->endContent()
#14 C:\xampp\htdocs\Yii-engine\framework\web\CBaseController.php(126): require('C:\xampp\htdocs...')
#15 C:\xampp\htdocs\Yii-engine\framework\web\CBaseController.php(95): CBaseController->renderInternal('C:\xampp\htdocs...', Array, true)
#16 C:\xampp\htdocs\Yii-engine\framework\web\CController.php(784): CBaseController->renderFile('C:\xampp\htdocs...', Array, true)
#17 C:\xampp\htdocs\gAccount\protected\controllers\SiteController.php(32): CController->render('index')
#18 C:\xampp\htdocs\Yii-engine\framework\web\actions\CInlineAction.php(49): SiteController->actionIndex()
#19 C:\xampp\htdocs\Yii-engine\framework\web\CController.php(308): CInlineAction->runWithParams(Array)
#20 C:\xampp\htdocs\Yii-engine\framework\web\CController.php(286): CController->runAction(Object(CInlineAction))
#21 C:\xampp\htdocs\Yii-engine\framework\web\CController.php(265): CController->runActionWithFilters(Object(CInlineAction), Array)
#22 C:\xampp\htdocs\Yii-engine\framework\web\CWebApplication.php(282): CController->run('')
#23 C:\xampp\htdocs\Yii-engine\framework\web\CWebApplication.php(141): CWebApplication->runController('')
#24 C:\xampp\htdocs\Yii-engine\framework\base\CApplication.php(180): CWebApplication->processRequest()
#25 C:\xampp\htdocs\gAccount\index.php(13): CApplication->run()
#26 {main}
REQUEST_URI=/gAccount/
---
2014/10/16 08:52:01 [error] [php] Invalid argument supplied for foreach() (C:\xampp\htdocs\gAccount\protected\views\layouts\main_menu_account.php:9)
Stack trace:
#0 C:\xampp\htdocs\Yii-engine\framework\web\CBaseController.php(126): require()
#1 C:\xampp\htdocs\Yii-engine\framework\web\CBaseController.php(95): SiteController->renderInternal()
#2 C:\xampp\htdocs\Yii-engine\framework\web\widgets\CContentDecorator.php(76): SiteController->renderFile()
#3 C:\xampp\htdocs\Yii-engine\framework\web\widgets\CContentDecorator.php(54): CContentDecorator->decorate()
#4 C:\xampp\htdocs\Yii-engine\framework\web\widgets\COutputProcessor.php(44): CContentDecorator->processOutput()
#5 C:\xampp\htdocs\Yii-engine\framework\web\CBaseController.php(206): CContentDecorator->run()
#6 C:\xampp\htdocs\Yii-engine\framework\web\CBaseController.php(300): SiteController->endWidget()
#7 C:\xampp\htdocs\gAccount\protected\views\layouts\column1.php(6): SiteController->endContent()
#8 C:\xampp\htdocs\Yii-engine\framework\web\CBaseController.php(126): require()
#9 C:\xampp\htdocs\Yii-engine\framework\web\CBaseController.php(95): SiteController->renderInternal()
#10 C:\xampp\htdocs\Yii-engine\framework\web\CController.php(784): SiteController->renderFile()
#11 C:\xampp\htdocs\gAccount\protected\controllers\SiteController.php(32): SiteController->render()
#12 C:\xampp\htdocs\Yii-engine\framework\web\actions\CInlineAction.php(49): SiteController->actionIndex()
#13 C:\xampp\htdocs\Yii-engine\framework\web\CController.php(308): CInlineAction->runWithParams()
#14 C:\xampp\htdocs\Yii-engine\framework\web\CController.php(286): SiteController->runAction()
#15 C:\xampp\htdocs\Yii-engine\framework\web\CController.php(265): SiteController->runActionWithFilters()
#16 C:\xampp\htdocs\Yii-engine\framework\web\CWebApplication.php(282): SiteController->run()
#17 C:\xampp\htdocs\Yii-engine\framework\web\CWebApplication.php(141): CWebApplication->runController()
#18 C:\xampp\htdocs\Yii-engine\framework\base\CApplication.php(180): CWebApplication->processRequest()
#19 C:\xampp\htdocs\gAccount\index.php(13): CWebApplication->run()
REQUEST_URI=/gAccount/
in C:\xampp\htdocs\gAccount\protected\views\layouts\main_menu_account.php (9)
in C:\xampp\htdocs\gAccount\protected\views\layouts\main_menu.php (5)
in C:\xampp\htdocs\gAccount\protected\views\layouts\main.php (138)
2014/10/16 08:53:56 [error] [php] Undefined index: docs (C:\xampp\htdocs\gAccount\protected\views\layouts\main_menu_account.php:9)
Stack trace:
#0 C:\xampp\htdocs\Yii-engine\framework\web\CBaseController.php(126): require()
#1 C:\xampp\htdocs\Yii-engine\framework\web\CBaseController.php(95): SiteController->renderInternal()
#2 C:\xampp\htdocs\Yii-engine\framework\web\widgets\CContentDecorator.php(76): SiteController->renderFile()
#3 C:\xampp\htdocs\Yii-engine\framework\web\widgets\CContentDecorator.php(54): CContentDecorator->decorate()
#4 C:\xampp\htdocs\Yii-engine\framework\web\widgets\COutputProcessor.php(44): CContentDecorator->processOutput()
#5 C:\xampp\htdocs\Yii-engine\framework\web\CBaseController.php(206): CContentDecorator->run()
#6 C:\xampp\htdocs\Yii-engine\framework\web\CBaseController.php(300): SiteController->endWidget()
#7 C:\xampp\htdocs\gAccount\protected\views\layouts\column1.php(6): SiteController->endContent()
#8 C:\xampp\htdocs\Yii-engine\framework\web\CBaseController.php(126): require()
#9 C:\xampp\htdocs\Yii-engine\framework\web\CBaseController.php(95): SiteController->renderInternal()
#10 C:\xampp\htdocs\Yii-engine\framework\web\CController.php(784): SiteController->renderFile()
#11 C:\xampp\htdocs\gAccount\protected\controllers\SiteController.php(32): SiteController->render()
#12 C:\xampp\htdocs\Yii-engine\framework\web\actions\CInlineAction.php(49): SiteController->actionIndex()
#13 C:\xampp\htdocs\Yii-engine\framework\web\CController.php(308): CInlineAction->runWithParams()
#14 C:\xampp\htdocs\Yii-engine\framework\web\CController.php(286): SiteController->runAction()
#15 C:\xampp\htdocs\Yii-engine\framework\web\CController.php(265): SiteController->runActionWithFilters()
#16 C:\xampp\htdocs\Yii-engine\framework\web\CWebApplication.php(282): SiteController->run()
#17 C:\xampp\htdocs\Yii-engine\framework\web\CWebApplication.php(141): CWebApplication->runController()
#18 C:\xampp\htdocs\Yii-engine\framework\base\CApplication.php(180): CWebApplication->processRequest()
#19 C:\xampp\htdocs\gAccount\index.php(13): CWebApplication->run()
REQUEST_URI=/gAccount/
in C:\xampp\htdocs\gAccount\protected\views\layouts\main_menu_account.php (9)
in C:\xampp\htdocs\gAccount\protected\views\layouts\main_menu.php (5)
in C:\xampp\htdocs\gAccount\protected\views\layouts\main.php (138)
2014/10/16 08:56:19 [error] [php] Undefined index: docs (C:\xampp\htdocs\gAccount\protected\views\layouts\main_menu_account.php:9)
Stack trace:
#0 C:\xampp\htdocs\Yii-engine\framework\web\CBaseController.php(126): require()
#1 C:\xampp\htdocs\Yii-engine\framework\web\CBaseController.php(95): SiteController->renderInternal()
#2 C:\xampp\htdocs\Yii-engine\framework\web\widgets\CContentDecorator.php(76): SiteController->renderFile()
#3 C:\xampp\htdocs\Yii-engine\framework\web\widgets\CContentDecorator.php(54): CContentDecorator->decorate()
#4 C:\xampp\htdocs\Yii-engine\framework\web\widgets\COutputProcessor.php(44): CContentDecorator->processOutput()
#5 C:\xampp\htdocs\Yii-engine\framework\web\CBaseController.php(206): CContentDecorator->run()
#6 C:\xampp\htdocs\Yii-engine\framework\web\CBaseController.php(300): SiteController->endWidget()
#7 C:\xampp\htdocs\gAccount\protected\views\layouts\column1.php(6): SiteController->endContent()
#8 C:\xampp\htdocs\Yii-engine\framework\web\CBaseController.php(126): require()
#9 C:\xampp\htdocs\Yii-engine\framework\web\CBaseController.php(95): SiteController->renderInternal()
#10 C:\xampp\htdocs\Yii-engine\framework\web\CController.php(784): SiteController->renderFile()
#11 C:\xampp\htdocs\gAccount\protected\controllers\SiteController.php(32): SiteController->render()
#12 C:\xampp\htdocs\Yii-engine\framework\web\actions\CInlineAction.php(49): SiteController->actionIndex()
#13 C:\xampp\htdocs\Yii-engine\framework\web\CController.php(308): CInlineAction->runWithParams()
#14 C:\xampp\htdocs\Yii-engine\framework\web\CController.php(286): SiteController->runAction()
#15 C:\xampp\htdocs\Yii-engine\framework\web\CController.php(265): SiteController->runActionWithFilters()
#16 C:\xampp\htdocs\Yii-engine\framework\web\CWebApplication.php(282): SiteController->run()
#17 C:\xampp\htdocs\Yii-engine\framework\web\CWebApplication.php(141): CWebApplication->runController()
#18 C:\xampp\htdocs\Yii-engine\framework\base\CApplication.php(180): CWebApplication->processRequest()
#19 C:\xampp\htdocs\gAccount\index.php(13): CWebApplication->run()
REQUEST_URI=/gAccount/
in C:\xampp\htdocs\gAccount\protected\views\layouts\main_menu_account.php (9)
in C:\xampp\htdocs\gAccount\protected\views\layouts\main_menu.php (5)
in C:\xampp\htdocs\gAccount\protected\views\layouts\main.php (138)
2014/10/16 09:05:52 [error] [php] include(IsrunDoc.php): failed to open stream: No such file or directory (C:\xampp\htdocs\Yii-engine\framework\YiiBase.php:427)
Stack trace:
#0 C:\xampp\htdocs\gAccount\protected\views\layouts\main_menu_account.php(8): spl_autoload_call()
#1 C:\xampp\htdocs\gAccount\protected\views\layouts\main_menu.php(5): require_once()
#2 C:\xampp\htdocs\gAccount\protected\views\layouts\main.php(138): require_once()
#3 C:\xampp\htdocs\Yii-engine\framework\web\CBaseController.php(126): require()
#4 C:\xampp\htdocs\Yii-engine\framework\web\CBaseController.php(95): SiteController->renderInternal()
#5 C:\xampp\htdocs\Yii-engine\framework\web\widgets\CContentDecorator.php(76): SiteController->renderFile()
#6 C:\xampp\htdocs\Yii-engine\framework\web\widgets\CContentDecorator.php(54): CContentDecorator->decorate()
#7 C:\xampp\htdocs\Yii-engine\framework\web\widgets\COutputProcessor.php(44): CContentDecorator->processOutput()
#8 C:\xampp\htdocs\Yii-engine\framework\web\CBaseController.php(206): CContentDecorator->run()
#9 C:\xampp\htdocs\Yii-engine\framework\web\CBaseController.php(300): SiteController->endWidget()
#10 C:\xampp\htdocs\gAccount\protected\views\layouts\column1.php(6): SiteController->endContent()
#11 C:\xampp\htdocs\Yii-engine\framework\web\CBaseController.php(126): require()
#12 C:\xampp\htdocs\Yii-engine\framework\web\CBaseController.php(95): SiteController->renderInternal()
#13 C:\xampp\htdocs\Yii-engine\framework\web\CController.php(784): SiteController->renderFile()
#14 C:\xampp\htdocs\gAccount\protected\controllers\SiteController.php(32): SiteController->render()
#15 C:\xampp\htdocs\Yii-engine\framework\web\actions\CInlineAction.php(49): SiteController->actionIndex()
#16 C:\xampp\htdocs\Yii-engine\framework\web\CController.php(308): CInlineAction->runWithParams()
#17 C:\xampp\htdocs\Yii-engine\framework\web\CController.php(286): SiteController->runAction()
#18 C:\xampp\htdocs\Yii-engine\framework\web\CController.php(265): SiteController->runActionWithFilters()
#19 C:\xampp\htdocs\Yii-engine\framework\web\CWebApplication.php(282): SiteController->run()
#20 C:\xampp\htdocs\Yii-engine\framework\web\CWebApplication.php(141): CWebApplication->runController()
#21 C:\xampp\htdocs\Yii-engine\framework\base\CApplication.php(180): CWebApplication->processRequest()
#22 C:\xampp\htdocs\gAccount\index.php(13): CWebApplication->run()
REQUEST_URI=/gAccount/
in C:\xampp\htdocs\gAccount\protected\views\layouts\main_menu_account.php (8)
in C:\xampp\htdocs\gAccount\protected\views\layouts\main_menu.php (5)
in C:\xampp\htdocs\gAccount\protected\views\layouts\main.php (138)
2014/10/16 09:06:14 [error] [php] Undefined index: docs (C:\xampp\htdocs\gAccount\protected\views\layouts\main_menu_account.php:9)
Stack trace:
#0 C:\xampp\htdocs\Yii-engine\framework\web\CBaseController.php(126): require()
#1 C:\xampp\htdocs\Yii-engine\framework\web\CBaseController.php(95): SiteController->renderInternal()
#2 C:\xampp\htdocs\Yii-engine\framework\web\widgets\CContentDecorator.php(76): SiteController->renderFile()
#3 C:\xampp\htdocs\Yii-engine\framework\web\widgets\CContentDecorator.php(54): CContentDecorator->decorate()
#4 C:\xampp\htdocs\Yii-engine\framework\web\widgets\COutputProcessor.php(44): CContentDecorator->processOutput()
#5 C:\xampp\htdocs\Yii-engine\framework\web\CBaseController.php(206): CContentDecorator->run()
#6 C:\xampp\htdocs\Yii-engine\framework\web\CBaseController.php(300): SiteController->endWidget()
#7 C:\xampp\htdocs\gAccount\protected\views\layouts\column1.php(6): SiteController->endContent()
#8 C:\xampp\htdocs\Yii-engine\framework\web\CBaseController.php(126): require()
#9 C:\xampp\htdocs\Yii-engine\framework\web\CBaseController.php(95): SiteController->renderInternal()
#10 C:\xampp\htdocs\Yii-engine\framework\web\CController.php(784): SiteController->renderFile()
#11 C:\xampp\htdocs\gAccount\protected\controllers\SiteController.php(32): SiteController->render()
#12 C:\xampp\htdocs\Yii-engine\framework\web\actions\CInlineAction.php(49): SiteController->actionIndex()
#13 C:\xampp\htdocs\Yii-engine\framework\web\CController.php(308): CInlineAction->runWithParams()
#14 C:\xampp\htdocs\Yii-engine\framework\web\CController.php(286): SiteController->runAction()
#15 C:\xampp\htdocs\Yii-engine\framework\web\CController.php(265): SiteController->runActionWithFilters()
#16 C:\xampp\htdocs\Yii-engine\framework\web\CWebApplication.php(282): SiteController->run()
#17 C:\xampp\htdocs\Yii-engine\framework\web\CWebApplication.php(141): CWebApplication->runController()
#18 C:\xampp\htdocs\Yii-engine\framework\base\CApplication.php(180): CWebApplication->processRequest()
#19 C:\xampp\htdocs\gAccount\index.php(13): CWebApplication->run()
REQUEST_URI=/gAccount/
in C:\xampp\htdocs\gAccount\protected\views\layouts\main_menu_account.php (9)
in C:\xampp\htdocs\gAccount\protected\views\layouts\main_menu.php (5)
in C:\xampp\htdocs\gAccount\protected\views\layouts\main.php (138)
2014/10/16 09:08:40 [error] [exception.CException] exception 'CException' with message 'คุณสมบัติ "Isrun.shortnam" ยังไม่ถูกกำหนด' in C:\xampp\htdocs\Yii-engine\framework\base\CComponent.php:130
Stack trace:
#0 C:\xampp\htdocs\Yii-engine\framework\db\ar\CActiveRecord.php(145): CComponent->__get('shortnam')
#1 C:\xampp\htdocs\gAccount\protected\views\layouts\main_menu_account.php(12): CActiveRecord->__get('shortnam')
#2 C:\xampp\htdocs\gAccount\protected\views\layouts\main_menu.php(5): require_once('C:\xampp\htdocs...')
#3 C:\xampp\htdocs\gAccount\protected\views\layouts\main.php(138): require_once('C:\xampp\htdocs...')
#4 C:\xampp\htdocs\Yii-engine\framework\web\CBaseController.php(126): require('C:\xampp\htdocs...')
#5 C:\xampp\htdocs\Yii-engine\framework\web\CBaseController.php(95): CBaseController->renderInternal('C:\xampp\htdocs...', Array, true)
#6 C:\xampp\htdocs\Yii-engine\framework\web\widgets\CContentDecorator.php(76): CBaseController->renderFile('C:\xampp\htdocs...', Array, true)
#7 C:\xampp\htdocs\Yii-engine\framework\web\widgets\CContentDecorator.php(54): CContentDecorator->decorate('<div id="conten...')
#8 C:\xampp\htdocs\Yii-engine\framework\web\widgets\COutputProcessor.php(44): CContentDecorator->processOutput('<div id="conten...')
#9 C:\xampp\htdocs\Yii-engine\framework\web\CBaseController.php(206): COutputProcessor->run()
#10 C:\xampp\htdocs\Yii-engine\framework\web\CBaseController.php(300): CBaseController->endWidget('CContentDecorat...')
#11 C:\xampp\htdocs\gAccount\protected\views\layouts\column1.php(6): CBaseController->endContent()
#12 C:\xampp\htdocs\Yii-engine\framework\web\CBaseController.php(126): require('C:\xampp\htdocs...')
#13 C:\xampp\htdocs\Yii-engine\framework\web\CBaseController.php(95): CBaseController->renderInternal('C:\xampp\htdocs...', Array, true)
#14 C:\xampp\htdocs\Yii-engine\framework\web\CController.php(784): CBaseController->renderFile('C:\xampp\htdocs...', Array, true)
#15 C:\xampp\htdocs\gAccount\protected\controllers\SiteController.php(32): CController->render('index')
#16 C:\xampp\htdocs\Yii-engine\framework\web\actions\CInlineAction.php(49): SiteController->actionIndex()
#17 C:\xampp\htdocs\Yii-engine\framework\web\CController.php(308): CInlineAction->runWithParams(Array)
#18 C:\xampp\htdocs\Yii-engine\framework\web\CController.php(286): CController->runAction(Object(CInlineAction))
#19 C:\xampp\htdocs\Yii-engine\framework\web\CController.php(265): CController->runActionWithFilters(Object(CInlineAction), Array)
#20 C:\xampp\htdocs\Yii-engine\framework\web\CWebApplication.php(282): CController->run('')
#21 C:\xampp\htdocs\Yii-engine\framework\web\CWebApplication.php(141): CWebApplication->runController('')
#22 C:\xampp\htdocs\Yii-engine\framework\base\CApplication.php(180): CWebApplication->processRequest()
#23 C:\xampp\htdocs\gAccount\index.php(13): CApplication->run()
#24 {main}
REQUEST_URI=/gAccount/
---
